[2025-08-27 11:52:07.586 INF] Streamer.bot (1.0.0)
[2025-08-27 11:52:07.588 INF] Startup Path: C:\Users\littl\Documents\GitHub\AtomSmasherStreamerbot
[2025-08-27 11:52:07.588 INF] Startup Args: 
[2025-08-27 11:52:07.588 INF] Startup Mode: UI
[2025-08-27 11:52:07.588 INF] Logging Level: Debug
[2025-08-27 11:52:07.589 INF] Instance Id: 06fed1eb-4928-42ca-9057-06594f534c13
[2025-08-27 11:52:07.589 INF] Instance Name: Streamer.bot
[2025-08-27 11:52:07.589 INF] Operating System: Windows
[2025-08-27 11:52:07.589 INF] UserInteractive: True
[2025-08-27 11:52:07.589 INF] WebView2: Found (v139.0.3405.111)
[2025-08-27 11:52:07.596 INF] Backing up data files
[2025-08-27 11:52:07.673 INF] Loading config
[2025-08-27 11:52:07.931 INF] Users :: Upgrade checks finished, 3.9767ms
[2025-08-27 11:52:07.947 DBG] Users :: Loaded 147 users.
[2025-08-27 11:52:07.958 DBG] Twitch Rewards :: Loaded 21 rewards.
[2025-08-27 11:52:09.702 DBG] Actions :: Loaded 131 actions.
[2025-08-27 11:52:09.708 DBG] OBS Settings :: Loaded.
[2025-08-27 11:52:09.712 DBG] MeldStudio Settings :: Loaded.
[2025-08-27 11:52:09.736 DBG] Commands :: Loaded 43 commands.
[2025-08-27 11:52:09.804 DBG] MIDI :: Loaded 0 actions.
[2025-08-27 11:52:10.057 DBG] Credits :: Performing auto reset of data, 84.3179154419722 > 12
[2025-08-27 11:52:11.006 INF] Streamer.bot Service :: Logging into account
[2025-08-27 11:52:11.666 INF] Streamer.bot Service :: Account (firehair) authenticated
[2025-08-27 11:52:14.372 DBG] Events Service :: Starting event queue thread
[2025-08-27 11:52:14.372 DBG] Events Service :: Starting raw event queue thread
[2025-08-27 11:52:14.372 DBG] Events Service :: Starting application event queue thread
[2025-08-27 11:52:14.376 DBG] Trigger Service :: Initialized
[2025-08-27 11:52:14.382 DBG] ActionQueue :: Starting queue 00000000-0000-0000-0000-000000000000 thread
[2025-08-27 11:52:14.383 DBG] ActionQueue :: Starting queue b010a7bd-2056-4238-9302-fad378219231 thread
[2025-08-27 11:52:14.383 DBG] ActionQueue :: Starting queue 8c6ed466-566c-4b26-93c9-9338de27fff4 thread
[2025-08-27 11:52:14.383 DBG] ActionQueue :: Starting queue e0693c07-e52a-4914-a5b9-5a5a01e74b15 thread
[2025-08-27 11:52:14.383 DBG] ActionQueue :: Starting queue 1955c224-a7c9-41c0-9077-40868553d18a thread
[2025-08-27 11:52:14.383 DBG] ActionQueue :: Starting queue f5b88e4c-33be-41a6-a453-02af0b6c4fc3 thread
[2025-08-27 11:52:14.383 DBG] ActionQueue :: Starting queue ae5d9109-9a6d-4e18-97f5-21a70b15dd8b thread
[2025-08-27 11:52:14.389 DBG] Quotes :: Loaded 8 quotes.
[2025-08-27 11:52:14.471 DBG] Viewers :: 4.1231ms to populate view model
[2025-08-27 11:52:14.585 INF] Changing logging level to "Debug"
[2025-08-27 11:52:14.772 INF] Streamer.bot Service :: Connecting to Website Client
[2025-08-27 11:52:14.775 DBG] Streamer.bot Website Socket :: Opening connection
[2025-08-27 11:52:14.785 DBG] MeldStudio Service :: Starting event thread
[2025-08-27 11:52:14.785 DBG] OBS Service :: Starting event thread
[2025-08-27 11:52:14.790 DBG] TwitchService :: Initializing
[2025-08-27 11:52:14.797 DBG] TwitchService :: Logging into Broadcaster account
[2025-08-27 11:52:14.804 DBG] TwitchService :: Logging into Bot account
[2025-08-27 11:52:14.804 DBG] OBS :: Opening websocket connection to OBS (127.0.0.1:4455)
[2025-08-27 11:52:14.807 DBG] OBS-Websocket5 :: Opening connection (ws://127.0.0.1:4455/api/websocket)
[2025-08-27 11:52:14.810 DBG] Websocket Client :: Auto connecting to clients
[2025-08-27 11:52:14.810 DBG] Websocket Custom Server :: Auto starting servers
[2025-08-27 11:52:14.811 DBG] Websocket Server :: Starting server (ws://127.0.0.1:8080)
[2025-08-27 11:52:14.812 DBG] Websocket Server (Godot Websocket) :: Starting server (ws://127.0.0.1:9090/)
[2025-08-27 11:52:14.815 DBG] Websocket Server :: Starting queue thread
[2025-08-27 11:52:14.816 DBG] Websocket Server (Godot Websocket) :: Starting message queue thread
[2025-08-27 11:52:14.818 DBG] Websocket Server :: Starting command queue thread
[2025-08-27 11:52:14.824 INF] MIDI Service :: Initializing 0 MIDI devices
[2025-08-27 11:52:14.831 INF] SpeechToText :: Initializing recognition engine
[2025-08-27 11:52:14.832 DBG] UsbRemovalWatcher :: Disposed
[2025-08-27 11:52:14.832 DBG] MIDI Service :: Starting event thread
[2025-08-27 11:52:14.832 INF] Input Service: Found 2 valid key inputs.
[2025-08-27 11:52:14.988 DBG] SpeechToText :: Starting recognition engine
[2025-08-27 11:52:14.990 DBG] SpeechToText :: Starting queue thread
[2025-08-27 11:52:15.029 ERR] Speech :: Error starting speech recognition
System.Runtime.InteropServices.COMException (0x88890004): Exception from HRESULT: 0x88890004
   at NAudio.CoreAudioApi.Interfaces.IMMDevice.Activate(Guid& id, ClsCtx clsCtx, IntPtr activationParams, Object& interfacePointer)
   at NAudio.CoreAudioApi.MMDevice.GetAudioClient()
   at NAudio.CoreAudioApi.WasapiCapture..ctor(MMDevice captureDevice, Boolean useEventSync, Int32 audioBufferMillisecondsLength)
   at _vBGaYNl8l0NBOKOSrWcP4z1ltIN._PODrh59U7cChEmVWuJDUDNSXgUd.MoveNext()
--- End of stack trace from previous location where exception was thrown ---
   at System.Runtime.ExceptionServices.ExceptionDispatchInfo.Throw()
   at _vBGaYNl8l0NBOKOSrWcP4z1ltIN._YIR4jvbTr6xze5x1xavIH6uYiNH.MoveNext()
[2025-08-27 11:52:15.029 DBG] SpeechToText :: Unable to start recognition engine
[2025-08-27 11:52:15.032 DBG] SpeechToText :: Shutting down queue thread
[2025-08-27 11:52:15.241 INF] StreamElements :: Logging into account
[2025-08-27 11:52:15.251 INF] TwitchService :: Fetching Broadcaster account information
[2025-08-27 11:52:15.266 INF] TwitchService :: Fetching Bot account information
[2025-08-27 11:52:15.364 INF] StreamElements :: Account (atomsmasher101) authenticated
[2025-08-27 11:52:15.371 INF] StreamElements Service :: Connecting to Client
[2025-08-27 11:52:15.373 DBG] StreamElements Socket :: Opening connection
[2025-08-27 11:52:15.394 INF] TwitchService :: Broadcaster account (atomsmasher101) authenticated
[2025-08-27 11:52:15.403 INF] TwitchService :: Bot account (atomsmasherbot) authenticated
[2025-08-27 11:52:15.405 INF] TwitchService :: Connecting to Bot EventSub
[2025-08-27 11:52:15.410 DBG] Twitch EventSub (Bot) :: Opening connection
[2025-08-27 11:52:15.488 DBG] Twitch Service :: Initializing Third Party Emote Handlers
[2025-08-27 11:52:15.490 DBG] Twitch Service :: Init rest
[2025-08-27 11:52:15.492 INF] 7TV :: Initializing user '50822403', on twitch
[2025-08-27 11:52:15.499 INF] BTTV :: Initializing user '50822403', on twitch
[2025-08-27 11:52:15.500 INF] BetterTTV.Socket :: Connecting to BTTV WebSocket, monitoring for changes for user '50822403' on twitch
[2025-08-27 11:52:15.507 INF] FFZ :: Initializing user 'atomsmasher101' (50822403), on twitch
[2025-08-27 11:52:15.572 DBG] Twitch EventSub (Bot) :: Subscribing to 1 events
[2025-08-27 11:52:15.726 INF] BTTV :: Loaded 65 global emotes
[2025-08-27 11:52:15.761 DBG] Twitch Service :: Loaded 33 Twitch cheer emotes
[2025-08-27 11:52:15.829 DBG] Twitch Service :: Loaded 155 Twitch badges
[2025-08-27 11:52:15.858 INF] Streamer.bot Service :: Website Client authenticated
[2025-08-27 11:52:15.858 INF] Streamer.bot Service :: Connected to Website Client
[2025-08-27 11:52:15.878 INF] TwitchService :: Connected to Bot EventSub, and authenticated
[2025-08-27 11:52:15.882 ERR] BTTV :: Response error NotFound from BTTV channel endpoint.
[2025-08-27 11:52:15.929 DBG] Twitch Rewards :: Time to save 21.4924ms
[2025-08-27 11:52:15.967 INF] FFZ :: Loaded 15 global emotes
[2025-08-27 11:52:16.022 INF] StreamElements Service :: Connected to Client
[2025-08-27 11:52:16.038 INF] 7TV :: Loaded 43 global emotes
[2025-08-27 11:52:16.177 WRN] FFZ :: Room not found, user does not have channel emotes configured.
[2025-08-27 11:52:16.177 INF] FFZ :: Loaded 0 channel emotes
[2025-08-27 11:52:16.323 ERR] 7TV :: Response error NotFound from 7TV channel endpoint.
[2025-08-27 11:52:16.858 DBG] OBS-Websocket5 :: Disconnected
[2025-08-27 11:52:16.858 DBG] OBS :: Disconnected from OBS (127.0.0.1:4455)
[2025-08-27 11:52:17.464 DBG] Twitch Service :: Loaded 738 Twitch user emotes
[2025-08-27 11:52:17.740 DBG] Getting viewers for channel "atomsmasher101" (4)
[2025-08-27 11:52:17.740 DBG] Twitch Service :: Fetched viewers for channel (4)
[2025-08-27 11:52:17.743 DBG] Twitch Service :: (4) - Existing: 4, New Users: 0 (3.0493ms)
[2025-08-27 11:52:17.743 DBG] Twitch Service :: Viewers init in 276.0763ms
[2025-08-27 11:52:17.745 DBG] Twitch Service :: Loading editors for channel atomsmasher101
[2025-08-27 11:52:17.839 DBG] Twitch Service :: Found 7 editors for channel atomsmasher101
[2025-08-27 11:52:17.969 INF] Twitch Service :: Found 12 Moderators for the channel atomsmasher101
[2025-08-27 11:52:18.072 INF] Twitch Service :: Found 18 VIPs for the channel atomsmasher101
[2025-08-27 11:52:18.075 DBG] ViewerRepo :: Time to update mods and VIPs, 0.7743ms (nm: 0, em: 0, nv: 0, ev: 2, ru: 2)
[2025-08-27 11:52:18.075 DBG] Twitch Service :: Time to update/add mods and vips for the channel atomsmasher101, 233.2045ms
[2025-08-27 11:52:18.076 DBG] Twitch Service :: Loading subscribers for atomsmasher101
[2025-08-27 11:52:18.331 DBG] Twitch Service :: "AtomSmasher101" has 4 subscriptions.
[2025-08-27 11:52:18.360 INF] TwitchService :: Connecting to Broadcaster Chat Client
[2025-08-27 11:52:18.365 INF] TwitchService :: Connecting to Broadcaster EventSub
[2025-08-27 11:52:18.365 DBG] Twitch EventSub (Broadcaster) :: Opening connection
[2025-08-27 11:52:18.466 DBG] Twitch EventSub (Broadcaster) :: Subscribing to 56 events
[2025-08-27 11:52:18.573 DBG] Twitch (Broadcaster) :: Opening connection
[2025-08-27 11:52:18.655 DBG] Twitch (Broadcaster) :: Connected to irc.chat.twitch.tv:6697 (44.237.40.50:6697)
[2025-08-27 11:52:18.655 DBG] Twitch (Broadcaster) :: Negotiating SSL stream with irc.chat.twitch.tv
[2025-08-27 11:52:18.802 DBG] Twitch (Broadcaster) :: Twitch Client Socket opened
[2025-08-27 11:52:18.941 DBG] Twitch (Broadcaster) :: Listening and Authenticated
[2025-08-27 11:52:18.944 DBG] Twitch (Broadcaster) :: Joining chanel #atomsmasher101
[2025-08-27 11:52:18.948 INF] TwitchService :: Connected to Broadcaster Chat Client
[2025-08-27 11:52:23.437 INF] TwitchService :: Connected to Broadcaster EventSub, and authenticated
[2025-08-27 11:52:46.868 DBG] OBS :: Retrying obs connection to OBS (127.0.0.1:4455)
[2025-08-27 11:52:46.868 DBG] OBS :: Opening websocket connection to OBS (127.0.0.1:4455)
[2025-08-27 11:52:46.868 DBG] OBS-Websocket5 :: Opening connection (ws://127.0.0.1:4455/api/websocket)
[2025-08-27 11:52:48.916 DBG] OBS-Websocket5 :: Disconnected
[2025-08-27 11:52:48.916 DBG] OBS :: Disconnected from OBS (127.0.0.1:4455)
[2025-08-27 11:53:18.815 DBG] ViewerRepo :: UpdatePresence(twitch, 5), 0.1885ms
[2025-08-27 11:53:18.894 DBG] TwitchService :: Presence Timer :: Artificially updated presence with a threshold of 5 minutes (80.2696ms)
[2025-08-27 11:53:18.918 DBG] OBS :: Retrying obs connection to OBS (127.0.0.1:4455)
[2025-08-27 11:53:18.918 DBG] OBS :: Opening websocket connection to OBS (127.0.0.1:4455)
[2025-08-27 11:53:18.918 DBG] OBS-Websocket5 :: Opening connection (ws://127.0.0.1:4455/api/websocket)
[2025-08-27 11:53:18.919 INF] BTTV :: WebSocket Connected
[2025-08-27 11:53:18.995 DBG] OBS :: Connected to OBS (127.0.0.1:4455)
[2025-08-27 11:54:12.310 DBG] OBS-Websocket5 :: Disconnected
[2025-08-27 11:54:12.310 DBG] OBS :: Disconnected from OBS (127.0.0.1:4455)
[2025-08-27 11:54:15.717 DBG] Users :: Time to save 11.9521ms
[2025-08-27 11:54:15.835 DBG] Actions :: Time to save 116.4276ms
[2025-08-27 11:54:15.849 DBG] Commands :: Time to save 12.8309ms
[2025-08-27 11:54:15.857 DBG] Twitch Rewards :: Time to save 6.9627ms
[2025-08-27 11:54:15.867 DBG] Midi :: Time to save 8.5275ms
[2025-08-27 11:54:15.880 DBG] OBS Settings :: Time to save 12.1269ms
[2025-08-27 11:54:15.890 DBG] MeldStudio Settings :: Time to save 8.7807ms
[2025-08-27 11:54:15.895 DBG] Credits :: Time to save 3.7276ms
[2025-08-27 11:54:15.905 DBG] Quotes :: Time to save 9.3829ms
[2025-08-27 11:54:15.906 INF] Shutting down...
[2025-08-27 11:54:15.997 DBG] Config :: Time to save 88.0635ms
[2025-08-27 11:54:16.024 INF] Closing services...
[2025-08-27 11:54:16.024 DBG] UsbRemovalWatcher :: Disposed
[2025-08-27 11:54:16.025 DBG] ProcessWatcher :: Disposed
[2025-08-27 11:54:16.026 DBG] ProcessWatcher :: Disposed
[2025-08-27 11:54:16.028 DBG] Events Service :: Shutting down event queue thread
[2025-08-27 11:54:16.028 DBG] Events Service :: Shutting down application event queue thread
[2025-08-27 11:54:16.028 DBG] Events Service :: Shutting down raw event queue thread
[2025-08-27 11:54:16.033 DBG] DonorDrive :: Stopping service
[2025-08-27 11:54:16.034 DBG] Http Listener :: Channel is not active
[2025-08-27 11:54:16.034 DBG] MIDI Service :: Stopping service
[2025-08-27 11:54:16.036 DBG] MIDI Service :: Shutting down event thread
[2025-08-27 11:54:16.038 DBG] Websocket Server :: Stopping server
[2025-08-27 11:54:16.051 DBG] ActionDispatcher :: Shutting down action queues
[2025-08-27 11:54:16.052 DBG] OBS Service :: Stopping service
[2025-08-27 11:54:16.055 DBG] FileTailDaemon :: Waiting for file tails to shut down
[2025-08-27 11:54:16.062 DBG] SLOBS Service :: Stopping service
[2025-08-27 11:54:16.062 DBG] Websocket Server :: Shutting down command queue thread
[2025-08-27 11:54:16.062 DBG] Websocket Server :: Shutting down queue thread
[2025-08-27 11:54:16.067 DBG] FileWatcherDaemon :: Waiting for file watchers to shut down
[2025-08-27 11:54:16.079 DBG] SpeechToText :: Channel was null when trying to stop
[2025-08-27 11:54:16.078 DBG] ActionQueue :: Shutting down queue 00000000-0000-0000-0000-000000000000 thread
[2025-08-27 11:54:16.085 DBG] ActionQueue :: Shutting down queue b010a7bd-2056-4238-9302-fad378219231 thread
[2025-08-27 11:54:16.085 DBG] ActionQueue :: Shutting down queue 8c6ed466-566c-4b26-93c9-9338de27fff4 thread
[2025-08-27 11:54:16.085 DBG] ActionQueue :: Shutting down queue e0693c07-e52a-4914-a5b9-5a5a01e74b15 thread
[2025-08-27 11:54:16.085 DBG] ActionQueue :: Shutting down queue 1955c224-a7c9-41c0-9077-40868553d18a thread
[2025-08-27 11:54:16.085 DBG] ActionQueue :: Shutting down queue f5b88e4c-33be-41a6-a453-02af0b6c4fc3 thread
[2025-08-27 11:54:16.085 DBG] ActionQueue :: Shutting down queue ae5d9109-9a6d-4e18-97f5-21a70b15dd8b thread
[2025-08-27 11:54:16.085 DBG] Websocket Client :: Disconnecting from all connected clients
[2025-08-27 11:54:16.085 DBG] Twitch (Broadcaster) :: Disconnected
[2025-08-27 11:54:16.088 INF] TwitchService :: Disconnected from Broadcaster Chat Client
[2025-08-27 11:54:16.090 DBG] Websocket Custom Server :: Stopping all servers
[2025-08-27 11:54:16.092 DBG] Websocket Server (Godot Websocket) :: Stopping server
[2025-08-27 11:54:16.092 DBG] Websocket Server (Godot Websocket) :: Shutting down message queue thread
[2025-08-27 11:54:16.092 INF] InlineCode :: Cleaning up '0' execute code instances
[2025-08-27 11:54:16.099 DBG] InlineCode :: Cleaned up execute code instances
[2025-08-27 11:54:16.099 DBG] OBS Service :: Shutting down event thread
[2025-08-27 11:54:16.111 DBG] MeldStudio Service :: Stopping service
[2025-08-27 11:54:16.115 DBG] MeldStudio Service :: Shutting down event thread
[2025-08-27 11:54:16.217 DBG] StreamElements Socket :: Disconnected
[2025-08-27 11:54:16.219 INF] StreamElements Service :: Disconnected from Client
[2025-08-27 11:54:16.236 DBG] Twitch EventSub (Broadcaster) :: Disconnected
[2025-08-27 11:54:16.237 INF] TwitchService :: Disconnected from Broadcaster EventSub
[2025-08-27 11:54:16.286 DBG] Streamer.bot Website Socket :: Disconnected
[2025-08-27 11:54:16.288 INF] Streamer.bot Service :: Disconnected from Website Client
[2025-08-27 11:54:16.328 INF] BTTV :: WebSocket Disconnected
[2025-08-27 11:54:16.478 DBG] Twitch EventSub (Bot) :: Disconnected
[2025-08-27 11:54:16.479 INF] TwitchService :: Disconnected from Bot EventSub
[2025-08-27 11:54:16.550 DBG] Quotes :: Time to save 25.4715ms
[2025-08-27 11:54:16.554 DBG] Credits :: Time to save 30.3346ms
[2025-08-27 11:54:16.554 DBG] OBS Settings :: Time to save 29.5763ms
[2025-08-27 11:54:16.554 DBG] Commands :: Time to save 29.4519ms
[2025-08-27 11:54:16.555 DBG] Midi :: Time to save 29.8816ms
[2025-08-27 11:54:16.555 DBG] MeldStudio Settings :: Time to save 30.0366ms
[2025-08-27 11:54:16.555 DBG] Users :: Time to save 30.978ms
[2025-08-27 11:54:16.559 DBG] Twitch Rewards :: Time to save 33.7279ms
[2025-08-27 11:54:16.559 DBG] Config :: Time to save 33.9242ms
[2025-08-27 11:54:16.574 DBG] Actions :: Time to save 50.3304ms
[2025-08-27 11:54:16.577 INF] Streamer.bot exited
